Log file open, 06/27/17 05:29:37
LogInit:Display: Running engine for game: Lava_World_Fighter
LogInit:Display: Project file not found: ../../../Lava_World_Fighter/Lava_World_Fighter.uproject
LogInit:Display: 	Attempting to find via project info helper.
LogUProjectInfo: Found projects:
LogPlatformFile: Not using cached read wrapper
LogInit:Display: RandInit(-383133520) SRandInit(-383133520).
LogTaskGraph: Started task graph with 5 named threads and 6 total threads with 1 sets of task threads.
LogStats: Stats thread started at 0.674354
LogInit: Using libcurl 7.47.1
LogInit:  - built for x86_64-pc-win32
LogInit:  - supports SSL with OpenSSL/1.0.2g
LogInit:  - supports HTTP deflate (compression) using libz 1.2.8
LogInit:  - other features:
LogInit:      CURL_VERSION_SSL
LogInit:      CURL_VERSION_LIBZ
LogInit:      CURL_VERSION_IPV6
LogInit:      CURL_VERSION_ASYNCHDNS
LogInit:      CURL_VERSION_LARGEFILE
LogInit:      CURL_VERSION_IDN
LogInit:  CurlRequestOptions (configurable via config and command line):
LogInit:  - bVerifyPeer = false  - Libcurl will NOT verify peer certificate
LogInit:  - bUseHttpProxy = false  - Libcurl will NOT use HTTP proxy
LogInit:  - bDontReuseConnections = false  - Libcurl will reuse connections
LogInit:  - CertBundlePath = nullptr  - Libcurl will use whatever was configured at build time.
LogInit: WinSock: version 1.1 (2.2), MaxSocks=32767, MaxUdp=65467
LogInit: Build: ++UE4+Release-4.15-CL-3450819
LogInit: Engine Version: 4.15.3-3450819+++UE4+Release-4.15
LogInit: Compatible Engine Version: 4.15.0-3299760+++UE4+Release-4.15
LogInit: Net CL: 3299760
LogDevObjectVersion: Number of dev versions registered: 14
LogDevObjectVersion:   Dev-Blueprints (B0D832E4-1F89-4F0D-ACCF-7EB736FD4AA2): 8
LogDevObjectVersion:   Dev-Build (E1C64328-A22C-4D53-A36C-8E866417BD8C): 0
LogDevObjectVersion:   Dev-Core (375EC13C-06E4-48FB-B500-84F0262A717E): 2
LogDevObjectVersion:   Dev-Editor (E4B068ED-F494-42E9-A231-DA0B2E46BB41): 14
LogDevObjectVersion:   Dev-Framework (CFFC743F-43B0-4480-9391-14DF171D2073): 22
LogDevObjectVersion:   Dev-Mobile (B02B49B5-BB20-44E9-A304-32B752E40360): 0
LogDevObjectVersion:   Dev-Networking (A4E4105C-59A1-49B5-A7C5-40C4547EDFEE): 0
LogDevObjectVersion:   Dev-Online (39C831C9-5AE6-47DC-9A44-9C173E1C8E7C): 0
LogDevObjectVersion:   Dev-Physics (78F01B33-EBEA-4F98-B9B4-84EACCB95AA2): 0
LogDevObjectVersion:   Dev-Platform (6631380F-2D4D-43E0-8009-CF276956A95A): 0
LogDevObjectVersion:   Dev-Rendering (12F88B9F-8875-4AFC-A67C-D90C383ABD29): 12
LogDevObjectVersion:   Dev-Sequencer (7B5AE74C-D270-4C10-A958-57980B212A5A): 3
LogDevObjectVersion:   Dev-VR (D7296918-1DD6-4BDD-9DE2-64A83CC13884): 0
LogDevObjectVersion:   Dev-LoadTimes (C2A15278-BFE7-4AFE-6C17-90FF531DF755): 1
LogInit: Compiled (64-bit): May 21 2017 11:06:29
LogInit: Compiled with Visual C++: 19.00.23026.00
LogInit: Build Configuration: Development
LogInit: Branch Name: ++UE4+Release-4.15
LogInit: Command line: 
LogInit: Base directory: C:/Users/Boss Man/Documents/GitHub/ue4LavaWorldFighting/Lava World Fighter Exectuable/Lava_World_Fighter/Binaries/Win64/
LogInit: Installed Engine Build: 0
LogInit: Presizing for max 2097152 objects, including 0 objects not considered by GC, pre-allocating 0 bytes for permanent pool.
LogStreaming:Display: Async Loading initialized: New Async IO: false, Event Driven Loader: false, Async Loading Thread: false
LogInit: Object subsystem initialized
[2017.06.27-09.29.37:330][  0]LogInit: Selected Device Profile: [WindowsNoEditor]
[2017.06.27-09.29.37:330][  0]LogInit: Applying CVar settings loaded from the selected device profile: [WindowsNoEditor]
[2017.06.27-09.29.37:336][  0]LogInit: Computer: DESKTOP-F3V1LOQ
[2017.06.27-09.29.37:336][  0]LogInit: User: BossMan
[2017.06.27-09.29.37:336][  0]LogInit: CPU Page size=65536, Cores=2
[2017.06.27-09.29.37:337][  0]LogInit: High frequency timer resolution =2.143476 MHz
[2017.06.27-09.29.37:337][  0]LogMemory: Memory total: Physical=7.9GB (8GB approx)
[2017.06.27-09.29.37:337][  0]LogMemory: Platform Memory Stats for WindowsNoEditor
[2017.06.27-09.29.37:337][  0]LogMemory: Process Physical Memory: 89.10 MB used, 89.10 MB peak
[2017.06.27-09.29.37:337][  0]LogMemory: Process Virtual Memory: 102.07 MB used, 102.07 MB peak
[2017.06.27-09.29.37:337][  0]LogMemory: Physical Memory: 5991.84 MB used,  2103.19 MB free, 8095.02 MB total
[2017.06.27-09.29.37:337][  0]LogMemory: Virtual Memory: 323.48 MB used,  2103.19 MB free, 134217728.00 MB total
[2017.06.27-09.29.37:483][  0]LogTextLocalizationManager: No specific translations for ('en-US') exist, so ('en') translations will be used.
[2017.06.27-09.29.37:708][  0]LogD3D11RHI: D3D11 adapters:
[2017.06.27-09.29.37:714][  0]LogD3D11RHI:    0. 'Intel(R) HD Graphics 5500' (Feature Level 11_0)
[2017.06.27-09.29.37:714][  0]LogD3D11RHI:       128/0/4047 MB DedicatedVideo/DedicatedSystem/SharedSystem, Outputs:2, VendorId:0x8086
[2017.06.27-09.29.37:716][  0]LogD3D11RHI:    1. 'Microsoft Basic Render Driver' (Feature Level 11_0)
[2017.06.27-09.29.37:716][  0]LogD3D11RHI:       0/0/4047 MB DedicatedVideo/DedicatedSystem/SharedSystem, Outputs:0, VendorId:0x1414
[2017.06.27-09.29.37:716][  0]LogD3D11RHI: Chosen D3D11 Adapter: 0
[2017.06.27-09.29.37:725][  0]LogD3D11RHI: Creating new Direct3DDevice
[2017.06.27-09.29.37:725][  0]LogD3D11RHI:     GPU DeviceId: 0x1616 (for the marketing name, search the web for "GPU Device Id")
[2017.06.27-09.29.37:725][  0]LogWindows: EnumDisplayDevices:
[2017.06.27-09.29.37:726][  0]LogWindows:    0. 'Intel(R) HD Graphics 5500' (P:1 D:1)
[2017.06.27-09.29.37:726][  0]LogWindows:    1. 'Intel(R) HD Graphics 5500' (P:0 D:1)
[2017.06.27-09.29.37:726][  0]LogWindows:    2. 'Intel(R) HD Graphics 5500' (P:0 D:0)
[2017.06.27-09.29.37:726][  0]LogWindows: DebugString: FoundDriverCount:3 
[2017.06.27-09.29.37:726][  0]LogD3D11RHI:     Adapter Name: Intel(R) HD Graphics 5500
[2017.06.27-09.29.37:726][  0]LogD3D11RHI:   Driver Version: 20.19.15.4549 (internal:20.19.15.4549, unified:20.19.15.4549)
[2017.06.27-09.29.37:726][  0]LogD3D11RHI:      Driver Date: 11-10-2016
[2017.06.27-09.29.37:726][  0]LogRHI: Texture pool is 1361 MB (70% of 1945 MB)
[2017.06.27-09.29.37:731][  0]LogD3D11RHI: Async texture creation enabled
[2017.06.27-09.29.37:736][  0]LogD3D11RHI: GPU Timing Frequency: 12.500000 (Debug: 2 0)
[2017.06.27-09.29.37:752][  0]LogSlate: Using Freetype 2.6.0
[2017.06.27-09.29.37:753][  0]LogSlate: SlateFontCache - WITH_FREETYPE: 1, WITH_HARFBUZZ: 1
[2017.06.27-09.29.37:753][  0]LogSlate: SlateFontCache - WITH_FREETYPE: 1, WITH_HARFBUZZ: 1
[2017.06.27-09.29.37:911][  0]LogAssetRegistry: FAssetRegistry took 0.0058 seconds to start up
[2017.06.27-09.29.37:915][  0]LogPackageLocalizationCache: Processed 3 localized package path(s) for 2 prioritized culture(s) in 0.004047 seconds
[2017.06.27-09.29.37:927][  0]LogContentStreaming: Texture pool size is 1000.00 MB
[2017.06.27-09.29.37:927][  0]LogInit: Selected Device Profile: [WindowsNoEditor]
[2017.06.27-09.29.38:765][  0]LogBlueprintUserMessages:Warning: DEBUG: LocalNotification DefaultPlatformService NOT FOUND
[2017.06.27-09.29.38:785][  0]LogNetVersion: GetLocalNetworkVersion: CL: 3299760, ProjectName: lava_world_fighter, ProjectVersion: , EngineNetworkVersion: 2, GameNetworkVersion: 0, NetworkChecksum: 3514039823
[2017.06.27-09.29.39:009][  0]LogMoviePlayer: Initializing movie player
[2017.06.27-09.29.39:080][  0]LogOnline:Display: STEAM: Loading Steam SDK 1.32
[2017.06.27-09.29.39:101][  0]LogUObjectArray: 28318 objects as part of root set at end of initial load.
[2017.06.27-09.29.39:101][  0]LogUObjectAllocator: 5882080 out of 0 bytes used by permanent object pool.
[2017.06.27-09.29.39:101][  0]LogUObjectArray: CloseDisregardForGC: 0/0 objects in disregard for GC pool
[2017.06.27-09.29.39:113][  0]LogEngine: Initializing Engine...
[2017.06.27-09.29.39:114][  0]LogHMD: Failed to initialize OpenVR with code 110
[2017.06.27-09.29.39:203][  0]LogStats: UGameplayTagsManager::ConstructGameplayTagTree: Construct from data asset -  0.000 s
[2017.06.27-09.29.39:203][  0]LogStats: UGameplayTagsManager::ConstructGameplayTagTree: GameplayTagTreeChangedEvent.Broadcast -  0.000 s
[2017.06.27-09.29.39:287][  0]LogInit: XAudio2 using 'Speakers (Realtek High Definition Audio)' : 2 channels at 48 kHz using 32 bits per sample (channel mask 0x3)
[2017.06.27-09.29.39:489][  0]LogInit: FAudioDevice initialized.
[2017.06.27-09.29.39:501][  0]LogInit: Texture streaming: Enabled
[2017.06.27-09.29.42:290][  0]LogInit:Display: Game Engine Initialized.
[2017.06.27-09.29.42:290][  0]LogInit:Display: Starting Game.
[2017.06.27-09.29.42:290][  0]LogNet: Browse: /Game/Mannequin/Maps/MainMenu?Name=Player
[2017.06.27-09.29.42:290][  0]LogLoad: LoadMap: /Game/Mannequin/Maps/MainMenu?Name=Player
[2017.06.27-09.29.42:412][  0]LogMemory: Platform Memory Stats for WindowsNoEditor
[2017.06.27-09.29.42:412][  0]LogMemory: Process Physical Memory: 208.38 MB used, 231.88 MB peak
[2017.06.27-09.29.42:412][  0]LogMemory: Process Virtual Memory: 291.72 MB used, 315.87 MB peak
[2017.06.27-09.29.42:412][  0]LogMemory: Physical Memory: 6132.08 MB used,  1962.94 MB free, 8095.02 MB total
[2017.06.27-09.29.42:412][  0]LogMemory: Virtual Memory: 652.48 MB used,  1962.94 MB free, 134217728.00 MB total
[2017.06.27-09.29.42:412][  0]LogMemory: 
[2017.06.27-09.29.42:412][  0]Allocator Stats for binned2: (not implemented)
[2017.06.27-09.29.42:474][  0]LogAIModule: Creating AISystem for world MainMenu
[2017.06.27-09.29.42:474][  0]LogLoad: Game class is 'MenuGameMode_C'
[2017.06.27-09.29.42:475][  0]LogWorld: Bringing World /Game/Mannequin/Maps/MainMenu.MainMenu up for play (max tick rate 0) at 2017.06.27-05.29.42
[2017.06.27-09.29.42:476][  0]LogWorld: Bringing up level for play took: 0.000582
[2017.06.27-09.29.42:601][  0]LogLoad: Took 0.310261 seconds to LoadMap(/Game/Mannequin/Maps/MainMenu)
[2017.06.27-09.29.42:603][  0]LogSlate: Took 0.001576 seconds to synchronously load lazily loaded font '../../../Engine/Content/EngineFonts/Faces/RobotoItalic.ufont' (157K)
[2017.06.27-09.29.42:606][  0]LogSlate: Took 0.001249 seconds to synchronously load lazily loaded font '../../../Engine/Content/EngineFonts/Faces/RobotoBold.ufont' (160K)
[2017.06.27-09.29.42:608][  0]LogSlate: Took 0.001272 seconds to synchronously load lazily loaded font '../../../Engine/Content/Slate/Fonts/Roboto-Regular.ttf' (155K)
[2017.06.27-09.29.42:699][  0]LogLoad: (Engine Initialization) Total time: 6.28 seconds
[2017.06.27-09.29.42:699][  0]LogExternalProfiler: Found external profiler: VSPerf
[2017.06.27-09.29.42:699][  0]LogExternalProfiler: Using external profiler: VSPerf
[2017.06.27-09.29.42:729][  0]LogOcInput: OculusInput pre-init called
[2017.06.27-09.29.42:798][  2]LogRenderer: Reallocating scene render targets to support 1280x720 NumSamples 1 (Frame:2).
[2017.06.27-09.29.48:461][110]LogSlate: Request Window 'Lava_World_Fighter (64-bit, PCD3D_SM5)' being destroyed
[2017.06.27-09.29.48:517][110]LogSlate: Window 'Lava_World_Fighter (64-bit, PCD3D_SM5)' being destroyed
[2017.06.27-09.29.48:518][110]LogWindowsTextInputMethodSystem:Display: IME system now deactivated.
[2017.06.27-09.29.48:518][110]LogWindowsTextInputMethodSystem:Display: IME system now deactivated.
[2017.06.27-09.29.48:527][110]LogSlate: HittestGrid destroyed
[2017.06.27-09.29.48:564][110]LogEngine: All Windows Closed
[2017.06.27-09.29.48:564][110]LogWindows: FPlatformMisc::RequestExit(0)
[2017.06.27-09.29.48:565][111]LogMoviePlayer: Shutting down movie player
[2017.06.27-09.29.49:277][111]LogExit: Preparing to exit.
[2017.06.27-09.29.49:500][111]LogExit: Game engine shut down
[2017.06.27-09.29.49:613][111]LogObj: Freed 32b from 1 cluster array pools.
[2017.06.27-09.29.49:613][111]LogExit: Object subsystem successfully closed.
[2017.06.27-09.29.49:747][111]LogD3D11RHI: Shutdown
[2017.06.27-09.29.49:747][111]LogD3D11RHI: CleanupD3DDevice
[2017.06.27-09.29.49:858][111]LogD3D11RHI: ~FD3D11DynamicRHI
[2017.06.27-09.29.49:873][111]LogModuleManager: Shutting down and abandoning module AutomationController (148)
[2017.06.27-09.29.49:881][111]LogModuleManager: Shutting down and abandoning module AutomationWorker (146)
[2017.06.27-09.29.49:881][111]LogModuleManager: Shutting down and abandoning module Voice (144)
[2017.06.27-09.29.49:881][111]LogModuleManager: Shutting down and abandoning module AIModule (142)
[2017.06.27-09.29.49:881][111]LogModuleManager: Shutting down and abandoning module GameplayDebugger (141)
[2017.06.27-09.29.49:885][111]LogModuleManager: Shutting down and abandoning module WmfMediaFactory (138)
[2017.06.27-09.29.49:885][111]LogModuleManager: Shutting down and abandoning module MfMediaFactory (136)
[2017.06.27-09.29.49:885][111]LogModuleManager: Shutting down and abandoning module AvfMediaFactory (134)
[2017.06.27-09.29.49:885][111]LogModuleManager: Shutting down and abandoning module AndroidMediaFactory (132)
[2017.06.27-09.29.49:885][111]LogModuleManager: Shutting down and abandoning module Media (131)
[2017.06.27-09.29.49:885][111]LogModuleManager: Shutting down and abandoning module CharacterAI (128)
[2017.06.27-09.29.49:885][111]LogModuleManager: Shutting down and abandoning module SessionServices (126)
[2017.06.27-09.29.49:885][111]LogModuleManager: Shutting down and abandoning module GeometryCache (124)
[2017.06.27-09.29.49:885][111]LogModuleManager: Shutting down and abandoning module Niagara (122)
[2017.06.27-09.29.49:885][111]LogModuleManager: Shutting down and abandoning module StreamingPauseRendering (120)
[2017.06.27-09.29.49:885][111]LogModuleManager: Shutting down and abandoning module AnalyticsET (118)
[2017.06.27-09.29.49:885][111]LogModuleManager: Shutting down and abandoning module ProfilerService (116)
[2017.06.27-09.29.50:121][111]LogModuleManager: Shutting down and abandoning module TaskGraph (114)
[2017.06.27-09.29.50:147][111]LogModuleManager: Shutting down and abandoning module SteamVRController (112)
[2017.06.27-09.29.50:147][111]LogModuleManager: Shutting down and abandoning module SteamVR (110)
[2017.06.27-09.29.50:147][111]LogModuleManager: Shutting down and abandoning module ProceduralMeshComponent (108)
[2017.06.27-09.29.50:160][111]LogModuleManager: Shutting down and abandoning module OculusLibrary (106)
[2017.06.27-09.29.50:160][111]LogModuleManager: Shutting down and abandoning module OculusInput (104)
[2017.06.27-09.29.50:160][111]LogModuleManager: Shutting down and abandoning module MobilePatchingUtils (102)
[2017.06.27-09.29.50:160][111]LogModuleManager: Shutting down and abandoning module CustomMeshComponent (100)
[2017.06.27-09.29.50:160][111]LogModuleManager: Shutting down and abandoning module CableComponent (98)
[2017.06.27-09.29.50:160][111]LogModuleManager: Shutting down and abandoning module ArchVisCharacter (96)
[2017.06.27-09.29.50:160][111]LogModuleManager: Shutting down and abandoning module HTML5Networking (92)
[2017.06.27-09.29.50:160][111]LogModuleManager: Shutting down and abandoning module PhysXVehicles (90)
[2017.06.27-09.29.50:160][111]LogModuleManager: Shutting down and abandoning module LocationServicesBPLibrary (88)
[2017.06.27-09.29.50:160][111]LogModuleManager: Shutting down and abandoning module UdpMessaging (86)
[2017.06.27-09.29.50:170][111]LogModuleManager: Shutting down and abandoning module TcpMessaging (84)
[2017.06.27-09.29.50:192][111]LogModuleManager: Shutting down and abandoning module FacialAnimation (82)
[2017.06.27-09.29.50:192][111]LogModuleManager: Shutting down and abandoning module LightPropagationVolumeRuntime (80)
[2017.06.27-09.29.50:192][111]LogModuleManager: Shutting down and abandoning module Paper2D (78)
[2017.06.27-09.29.50:209][111]LogModuleManager: Shutting down and abandoning module WindowsMoviePlayer (76)
[2017.06.27-09.29.50:209][111]LogModuleManager: Shutting down and abandoning module WmfMedia (74)
[2017.06.27-09.29.50:209][111]LogModuleManager: Shutting down and abandoning module MfMedia (72)
[2017.06.27-09.29.50:209][111]LogModuleManager: Shutting down and abandoning module MediaAssets (70)
[2017.06.27-09.29.50:209][111]LogModuleManager: Shutting down and abandoning module GameLiveStreaming (68)
[2017.06.27-09.29.50:209][111]LogModuleManager: Shutting down and abandoning module UMG (66)
[2017.06.27-09.29.50:209][111]LogModuleManager: Shutting down and abandoning module SlateReflector (64)
[2017.06.27-09.29.50:223][111]LogModuleManager: Shutting down and abandoning module Slate (62)
[2017.06.27-09.29.50:223][111]LogModuleManager: Shutting down and abandoning module Messaging (60)
[2017.06.27-09.29.50:223][111]LogModuleManager: Shutting down and abandoning module HeadMountedDisplay (58)
[2017.06.27-09.29.50:223][111]LogModuleManager: Shutting down and abandoning module XAudio2 (56)
[2017.06.27-09.29.50:223][111]LogModuleManager: Shutting down and abandoning module Networking (54)
[2017.06.27-09.29.50:223][111]LogModuleManager: Shutting down and abandoning module Core (52)
[2017.06.27-09.29.50:223][111]LogModuleManager: Shutting down and abandoning module AssetRegistry (50)
[2017.06.27-09.29.50:234][111]LogModuleManager: Shutting down and abandoning module ImageWrapper (48)
[2017.06.27-09.29.50:234][111]LogModuleManager: Shutting down and abandoning module InputCore (46)
[2017.06.27-09.29.50:234][111]LogModuleManager: Shutting down and abandoning module OculusRift (44)
[2017.06.27-09.29.50:242][111]LogModuleManager: Shutting down and abandoning module GearVR (42)
[2017.06.27-09.29.50:242][111]LogModuleManager: Shutting down and abandoning module ExampleDeviceProfileSelector (40)
[2017.06.27-09.29.50:242][111]LogModuleManager: Shutting down and abandoning module OnlineSubsystem (36)
[2017.06.27-09.29.50:242][111]LogOnline:Display: OSS: FOnlineSubsystemNull::Shutdown()
[2017.06.27-09.29.50:243][111]LogOnline:Display: Unloading online subsystem: NULL
[2017.06.27-09.29.50:249][111]LogOnline:Display: Unloading online subsystem: Steam
[2017.06.27-09.29.50:260][111]LogModuleManager: Shutting down and abandoning module HTTP (31)
[2017.06.27-09.29.50:272][111]LogHttp:Display: Http module shutting down, but needs to wait on 1 outstanding Http requests:
[2017.06.27-09.29.50:272][111]LogHttp:Display: 	verb=[POST] url=[https://datarouter.ol.epicgames.com/datarouter/api/v1/public/data?SessionID=%7B0C5ED774-4539-2632-925B-7A8D381A5662%7D&AppID=UEGame.Rocket.Release%7C7B2F6E024D4AD5DA67F67C876A6A4CEA%7CThird%20Person%20BP%20Game%20Template&AppVersion=4.15.3-3450819%2B%2B%2BUE4%2BRelease-4.15&UserID=ANON-%7BC9B80184-4AD9-C91E-6CBC-33A528664830%7D%7C%7C&AppEnvironment=datacollector-binary&UploadType=eteventstream] status=Processing
[2017.06.27-09.29.50:272][111]LogHttp:Display: Sleeping 0.5s to wait for 1 outstanding Http requests.
[2017.06.27-09.29.50:801][111]LogModuleManager: Shutting down and abandoning module SSL (30)
[2017.06.27-09.29.50:801][111]LogModuleManager: Shutting down and abandoning module ShaderCore (26)
[2017.06.27-09.29.50:801][111]LogModuleManager: Shutting down and abandoning module Landscape (24)
[2017.06.27-09.29.50:801][111]LogModuleManager: Shutting down and abandoning module SlateRHIRenderer (22)
[2017.06.27-09.29.50:802][111]LogModuleManager: Shutting down and abandoning module OpenGLDrv (20)
[2017.06.27-09.29.50:802][111]LogModuleManager: Shutting down and abandoning module D3D11RHI (18)
[2017.06.27-09.29.50:802][111]LogModuleManager: Shutting down and abandoning module AnimGraphRuntime (16)
[2017.06.27-09.29.50:823][111]LogModuleManager: Shutting down and abandoning module Renderer (14)
[2017.06.27-09.29.50:823][111]LogModuleManager: Shutting down and abandoning module Engine (12)
[2017.06.27-09.29.50:823][111]LogModuleManager: Shutting down and abandoning module CoreUObject (10)
[2017.06.27-09.29.50:823][111]LogModuleManager: Shutting down and abandoning module NetworkFile (8)
[2017.06.27-09.29.50:823][111]LogModuleManager: Shutting down and abandoning module StreamingFile (6)
[2017.06.27-09.29.50:823][111]LogModuleManager: Shutting down and abandoning module SandboxFile (4)
[2017.06.27-09.29.50:823][111]LogModuleManager: Shutting down and abandoning module PakFile (2)
[2017.06.27-09.29.50:823][111]LogExit: Exiting.
[2017.06.27-09.29.50:825][111]Log file closed, 06/27/17 05:29:50
